[logs/firefox INFO ] 2021-01-01 18:12:21.742
								LoginPage:40 - Sending bdia.sne@yopmail.com on 
[logs/firefox INFO ] 2021-01-01 18:12:21.925
								LoginPage:40 - Sending admin123* on 
[logs/firefox INFO ] 2021-01-01 18:12:22.109
								LoginPage:28 - Cliking on : Sign in
[logs/firefox INFO ] 2021-01-01 18:12:30.608
								LoginPage:40 - Sending bdia.sne@yopmail.com on 
[logs/firefox INFO ] 2021-01-01 18:12:30.733
								LoginPage:40 - Sending admin123* on 
[logs/firefox INFO ] 2021-01-01 18:12:30.840
								LoginPage:28 - Cliking on : Sign in
[logs/firefox INFO ] 2021-01-01 18:12:39.709
								LoginPage:40 - Sending bdia.sne@yopmail.com on 
[logs/firefox INFO ] 2021-01-01 18:12:39.827
								LoginPage:40 - Sending admin123* on 
[logs/firefox INFO ] 2021-01-01 18:12:39.934
								LoginPage:28 - Cliking on : Sign in
[logs/firefox INFO ] 2021-01-01 18:12:48.812
								LoginPage:40 - Sending bdia.sne@gmail.com on 
[logs/firefox INFO ] 2021-01-01 18:12:48.969
								LoginPage:40 - Sending 456464546HGHm. on 
[logs/firefox INFO ] 2021-01-01 18:12:49.125
								LoginPage:28 - Cliking on : Sign in
[logs/firefox INFO ] 2021-01-01 18:12:56.774
								LoginPage:40 - Sending bdia@gmail.com on 
[logs/firefox INFO ] 2021-01-01 18:12:56.895
								LoginPage:40 - Sending admin123* on 
[logs/firefox INFO ] 2021-01-01 18:12:56.991
								LoginPage:28 - Cliking on : Sign in
[logs/firefox INFO ] 2021-01-01 18:13:04.785
								LoginPage:40 - Sending bdia@gmail.com on 
[logs/firefox INFO ] 2021-01-01 18:13:04.885
								LoginPage:40 - Sending 456464546HGHm. on 
[logs/firefox INFO ] 2021-01-01 18:13:05.004
								LoginPage:28 - Cliking on : Sign in
[logs/firefox INFO ] 2021-01-01 18:30:54.658
								LoginPage:40 - Sending bdia.sne@yopmail.com on 
[logs/firefox INFO ] 2021-01-01 18:30:54.846
								LoginPage:40 - Sending admin123* on 
[logs/firefox INFO ] 2021-01-01 18:30:55.012
								LoginPage:28 - Cliking on : Sign in
[logs/firefox INFO ] 2021-01-01 18:31:04.295
								LoginPage:40 - Sending bdia.sne@yopmail.com on 
[logs/firefox INFO ] 2021-01-01 18:31:04.396
								LoginPage:40 - Sending admin123* on 
[logs/firefox INFO ] 2021-01-01 18:31:04.496
								LoginPage:28 - Cliking on : Sign in
[logs/firefox INFO ] 2021-01-01 18:31:15.106
								LoginPage:40 - Sending bdia.sne@yopmail.com on 
[logs/firefox INFO ] 2021-01-01 18:31:15.256
								LoginPage:40 - Sending admin123* on 
[logs/firefox INFO ] 2021-01-01 18:31:15.365
								LoginPage:28 - Cliking on : Sign in
[logs/firefox INFO ] 2021-01-01 18:31:24.066
								LoginPage:40 - Sending bdia.sne@gmail.com on 
[logs/firefox INFO ] 2021-01-01 18:31:24.170
								LoginPage:40 - Sending 456464546HGHm. on 
[logs/firefox INFO ] 2021-01-01 18:31:24.302
								LoginPage:28 - Cliking on : Sign in
[logs/firefox INFO ] 2021-01-01 18:31:33.618
								LoginPage:40 - Sending bdia@gmail.com on 
[logs/firefox INFO ] 2021-01-01 18:31:33.722
								LoginPage:40 - Sending admin123* on 
[logs/firefox INFO ] 2021-01-01 18:31:33.824
								LoginPage:28 - Cliking on : Sign in
[logs/firefox INFO ] 2021-01-01 18:31:43.695
								LoginPage:40 - Sending bdia@gmail.com on 
[logs/firefox INFO ] 2021-01-01 18:31:43.792
								LoginPage:40 - Sending 456464546HGHm. on 
[logs/firefox INFO ] 2021-01-01 18:31:43.912
								LoginPage:28 - Cliking on : Sign in
