[logs/chrome INFO ] 2021-01-01 18:36:29.335
								LoginPage:40 - Sending bdia.sne@yopmail.com on 
[logs/chrome INFO ] 2021-01-01 18:36:29.606
								LoginPage:40 - Sending admin123* on 
[logs/chrome INFO ] 2021-01-01 18:36:29.758
								LoginPage:28 - Cliking on : Sign in
[logs/chrome INFO ] 2021-01-01 18:36:35.319
								LoginPage:40 - Sending bdia.sne@yopmail.com on 
[logs/chrome INFO ] 2021-01-01 18:36:35.547
								LoginPage:40 - Sending admin123* on 
[logs/chrome INFO ] 2021-01-01 18:36:35.699
								LoginPage:28 - Cliking on : Sign in
[logs/chrome INFO ] 2021-01-01 18:36:42.672
								LoginPage:40 - Sending bdia.sne@yopmail.com on 
[logs/chrome INFO ] 2021-01-01 18:36:42.900
								LoginPage:40 - Sending admin123* on 
[logs/chrome INFO ] 2021-01-01 18:36:43.041
								LoginPage:28 - Cliking on : Sign in
[logs/chrome INFO ] 2021-01-01 18:36:53.874
								LoginPage:40 - Sending bdia.sne@gmail.com on 
[logs/chrome INFO ] 2021-01-01 18:36:54.093
								LoginPage:40 - Sending 456464546HGHm. on 
[logs/chrome INFO ] 2021-01-01 18:36:54.270
								LoginPage:28 - Cliking on : Sign in
[logs/chrome INFO ] 2021-01-01 18:36:59.657
								LoginPage:40 - Sending bdia@gmail.com on 
[logs/chrome INFO ] 2021-01-01 18:36:59.871
								LoginPage:40 - Sending admin123* on 
[logs/chrome INFO ] 2021-01-01 18:37:00.020
								LoginPage:28 - Cliking on : Sign in
[logs/chrome INFO ] 2021-01-01 18:37:05.640
								LoginPage:40 - Sending bdia@gmail.com on 
[logs/chrome INFO ] 2021-01-01 18:37:05.831
								LoginPage:40 - Sending 456464546HGHm. on 
[logs/chrome INFO ] 2021-01-01 18:37:05.998
								LoginPage:28 - Cliking on : Sign in
[logs/chrome INFO ] 2021-01-01 18:39:52.871
								LoginPage:40 - Sending bdia@gmail.com on 
[logs/chrome INFO ] 2021-01-01 18:39:52.776
								LoginPage:40 - Sending bdia.sne@yopmail.com on 
[logs/chrome INFO ] 2021-01-01 18:39:52.722
								LoginPage:40 - Sending bdia.sne@gmail.com on 
[logs/chrome INFO ] 2021-01-01 18:39:52.987
								LoginPage:40 - Sending bdia.sne@yopmail.com on 
[logs/chrome INFO ] 2021-01-01 18:39:52.722
								LoginPage:40 - Sending bdia.sne@yopmail.com on 
[logs/chrome INFO ] 2021-01-01 18:39:53.366
								LoginPage:40 - Sending bdia@gmail.com on 
[logs/chrome INFO ] 2021-01-01 18:39:53.899
								LoginPage:40 - Sending 456464546HGHm. on 
[logs/chrome INFO ] 2021-01-01 18:39:53.955
								LoginPage:40 - Sending 456464546HGHm. on 
[logs/chrome INFO ] 2021-01-01 18:39:54.095
								LoginPage:40 - Sending admin123* on 
[logs/chrome INFO ] 2021-01-01 18:39:54.166
								LoginPage:40 - Sending admin123* on 
[logs/chrome INFO ] 2021-01-01 18:39:54.295
								LoginPage:40 - Sending admin123* on 
[logs/chrome INFO ] 2021-01-01 18:39:54.304
								LoginPage:40 - Sending admin123* on 
[logs/chrome INFO ] 2021-01-01 18:39:54.666
								LoginPage:28 - Cliking on : Sign in
[logs/chrome INFO ] 2021-01-01 18:39:54.821
								LoginPage:28 - Cliking on : Sign in
[logs/chrome INFO ] 2021-01-01 18:39:54.861
								LoginPage:28 - Cliking on : Sign in
[logs/chrome INFO ] 2021-01-01 18:39:54.876
								LoginPage:28 - Cliking on : Sign in
[logs/chrome INFO ] 2021-01-01 18:39:55.119
								LoginPage:28 - Cliking on : Sign in
[logs/chrome INFO ] 2021-01-01 18:39:55.120
								LoginPage:28 - Cliking on : Sign in
[logs/chrome INFO ] 2021-01-01 18:45:23.290
								LoginPage:40 - Sending bdia.sne@yopmail.com on 
[logs/chrome INFO ] 2021-01-01 18:45:23.559
								LoginPage:40 - Sending admin123* on 
[logs/chrome INFO ] 2021-01-01 18:45:23.707
								LoginPage:28 - Cliking on : Sign in
[logs/chrome INFO ] 2021-01-01 18:45:30.605
								LoginPage:40 - Sending bdia.sne@yopmail.com on 
[logs/chrome INFO ] 2021-01-01 18:45:30.867
								LoginPage:40 - Sending admin123* on 
[logs/chrome INFO ] 2021-01-01 18:45:31.023
								LoginPage:28 - Cliking on : Sign in
[logs/chrome INFO ] 2021-01-01 18:45:37.226
								LoginPage:40 - Sending bdia.sne@yopmail.com on 
[logs/chrome INFO ] 2021-01-01 18:45:37.504
								LoginPage:40 - Sending admin123* on 
[logs/chrome INFO ] 2021-01-01 18:45:37.656
								LoginPage:28 - Cliking on : Sign in
[logs/chrome INFO ] 2021-01-01 18:45:44.243
								LoginPage:40 - Sending bdia.sne@gmail.com on 
[logs/chrome INFO ] 2021-01-01 18:45:44.480
								LoginPage:40 - Sending 456464546HGHm. on 
[logs/chrome INFO ] 2021-01-01 18:45:44.674
								LoginPage:28 - Cliking on : Sign in
[logs/chrome INFO ] 2021-01-01 18:45:49.975
								LoginPage:40 - Sending bdia@gmail.com on 
[logs/chrome INFO ] 2021-01-01 18:45:50.190
								LoginPage:40 - Sending admin123* on 
[logs/chrome INFO ] 2021-01-01 18:45:50.339
								LoginPage:28 - Cliking on : Sign in
[logs/chrome INFO ] 2021-01-01 18:45:55.629
								LoginPage:40 - Sending bdia@gmail.com on 
[logs/chrome INFO ] 2021-01-01 18:45:55.857
								LoginPage:40 - Sending 456464546HGHm. on 
[logs/chrome INFO ] 2021-01-01 18:45:56.019
								LoginPage:28 - Cliking on : Sign in
